
******************************************************
CHECKPOINT: Resuming analysis from /home/borok_admin/works/volga/18.04.2024/phytree/v3/iqtree/v1/tree.ckp.gz

IQ-TREE multicore version 1.6.12 for Linux 64-bit built Aug 15 2019
Developed by Bui Quang Minh, Nguyen Lam Tung, Olga Chernomor,
Heiko Schmidt, Dominik Schrempf, Michael Woodhams.

Host:    borokserver (AVX512, FMA3, 754 GB RAM)
Command: iqtree -s /home/borok_admin/works/volga/18.04.2024/phytree/v3/trimal/v1/deleted_duolicates_trimal_genafpair_only_euk_classes_seqs_subset_pr2_asvs.afa -g /home/borok_admin/works/volga/18.04.2024/phytree/v1/volga_constrained_unrooted.newick -bb 1000 -nt AUTO -t BIONJ -pre /home/borok_admin/works/volga/18.04.2024/phytree/v3/iqtree/v1/tree -o AF419639.1.1469_U,U40238.33126.31654_U,DQ085103.1.1402_U,HM594678.1.1435_U,AF523942.1.1455_U,NZ_CP163304.1
Seed:    108906 (Using SPRNG - Scalable Parallel Random Number Generator)
Time:    Sat Dec 21 11:21:16 2024
Kernel:  AVX+FMA - auto-detect threads (80 CPU cores detected)

WARNING: Command-line argument `-t` differs from checkpoint `-pre`
WARNING: Command-line argument `BIONJ` differs from checkpoint `/home/borok_admin/works/volga/18.04.2024/phytree/v3/iqtree/v1/tree`
WARNING: Command-line argument `-pre` differs from checkpoint `-o`
WARNING: Command-line argument `/home/borok_admin/works/volga/18.04.2024/phytree/v3/iqtree/v1/tree` differs from checkpoint `AF419639.1.1469_U,U40238.33126.31654_U,DQ085103.1.1402_U,HM594678.1.1435_U,AF523942.1.1455_U,NZ_CP163304.1`
WARNING: Number of command-line arguments differs from checkpoint
WARNING: Command-line differs from checkpoint!
Reading alignment file /home/borok_admin/works/volga/18.04.2024/phytree/v3/trimal/v1/deleted_duolicates_trimal_genafpair_only_euk_classes_seqs_subset_pr2_asvs.afa ... Fasta format detected
Alignment most likely contains DNA/RNA sequences
Alignment has 1000 sequences with 1921 columns, 1921 distinct patterns
1911 parsimony-informative, 10 singleton sites, 0 constant sites
                              Gap/Ambiguity  Composition  p-value
   1  KC172873.1.1702_U              12.18%    passed      7.87%
   2  GQ344772.1.850_U               56.22%    failed      1.62%
   3  KC172863.1.824_U               57.52%    passed      5.52%
   4  JX014222.1.1744_U               9.84%    passed     33.92%
   5  EF107647.1.812_U               57.78%    passed     72.65%
   6  AY423347.1.1662_U              14.06%    passed     23.78%
   7  AB771798.1.1671_U              13.07%    passed     88.25%
   8  AB771904.1.1576_U              19.16%    failed      0.01%
   9  GU824274.1.1380_U              29.62%    passed     26.53%
  10  EU446346.1.1543_U              25.72%    passed     10.81%
  11  HQ867836.1.875_U               54.61%    passed     37.60%
  12  HQ867533.1.869_U               54.92%    passed     52.25%
  13  FJ153649.1.1201_U              37.58%    passed     43.59%
  14  AF411879.1.1769_U               7.96%    failed      0.24%
  15  DQ459973.1.1689_U              12.13%    failed      0.34%
  16  AY176284.1.1749_U               9.21%    passed      5.66%
  17  JX507298.99.1890_U              7.08%    passed     47.73%
  18  KJ566931.1.1276_U              33.58%    passed     84.98%
  19  KJ541118.1.3804_U               7.65%    passed     48.73%
  20  AY050182.1.1804_U               6.45%    passed     84.29%
  21  FN598468.1.1142_U              41.02%    passed     24.81%
  22  HQ870773.1.851_U               56.01%    passed      6.58%
  23  AF421220.1.2529_U               7.86%    passed      5.18%
  24  AF149908.1.1934_U              12.13%    failed      0.00%
  25  JX157652.1.938_U               58.93%    failed      0.00%
  26  AJ009665.1.1337_U              30.82%    passed     20.50%
  27  FJ153667.1.1152_U              40.40%    passed     81.98%
  28  AY046700.1.1143_U              40.92%    passed     66.90%
  29  FJ174923.1.1801_U               9.21%    failed      0.00%
  30  AF436012.1.1857_U               6.82%    failed      0.06%
  31  AB465970.1.1795_U              15.20%    failed      3.82%
  32  AY123745.1.924_UC              61.17%    failed      0.06%
  33  FJ355953.1.1907_U               9.37%    passed     32.21%
  34  EU174976.1.853_U               55.70%    passed     39.18%
  35  HQ710551.1.1633_U              15.20%    failed      0.04%
  36  AB365192.1.1765_U               8.38%    failed      0.27%
  37  AB365194.1.1765_U               8.49%    failed      0.41%
  38  AJ866997.1.1545_U              19.63%    passed     79.99%
  39  HM805031.1.1721_U              10.52%    passed     75.26%
  40  HQ912658.1.1741_U               9.53%    passed     79.35%
  41  DQ227853.1.2874_U               5.67%    passed     34.96%
  42  AB015794.1.2331_G               8.28%    passed     36.39%
  43  AB015794.1.2331_R               8.80%    passed     45.72%
  44  KC673103.1.1780_U               8.02%    passed     97.19%
  45  HM486977.1.1360_U              29.46%    passed     93.97%
  46  GU072001.1.966_U               49.87%    passed     84.85%
  47  EU562001.1.934_U               51.59%    passed      9.47%
  48  HQ866490.1.880_U               54.29%    passed     66.56%
  49  HQ865557.1.876_U               54.50%    passed     74.34%
  50  AY180021.1.1729_U              10.05%    passed     71.79%
  51  KJ577859.1.1804_U               6.45%    passed     72.35%
  52  ACDU01008455.29422.31301_U      5.99%    passed     34.93%
  53  JN054657.1.1595_U              20.72%    passed     25.72%
  54  EF565163.1.1724_U              10.41%    passed     36.32%
  55  EU500181.1.813_U               57.73%    passed     50.61%
  56  DQ062504.1.1771_U               7.86%    passed     63.72%
  57  FN690654.1.1702_U              11.40%    passed     15.12%
  58  KC149999.1.1700_U              11.61%    passed      5.60%
  59  HQ852092.1.1750_U               9.11%    failed      0.69%
  60  AF202112.1.1769_U               8.02%    failed      3.87%
  61  EF100391.1.1503_U              22.54%    passed     24.83%
  62  EF100226.1.1559_U              20.09%    passed     66.25%
  63  EF527173.1.1555_U              19.26%    passed     85.08%
  64  JN680935.1.1817_U               6.72%    failed      0.00%
  65  KC461942.1.1689_U              12.08%    failed      0.20%
  66  FJ009085.1.880_U               54.87%    failed      0.00%
  67  GU819444.1.1226_U              36.34%    passed     19.30%
  68  GU819282.1.1169_U              39.41%    passed     12.70%
  69  GU819628.1.1169_U              39.41%    passed     11.44%
  70  AY046633.1.1177_U              39.56%    passed     38.20%
  71  AY046799.1.1177_U              39.67%    passed     44.14%
  72  GU827591.1.1742_U              10.93%    passed     14.08%
  73  GQ397471.1.1452_U              38.83%    passed     73.53%
  74  GQ397463.1.1433_U              39.82%    passed     72.62%
  75  AY173007.1.2301_U               3.28%    passed     19.41%
  76  GU824707.1.1210_U              37.43%    passed     92.82%
  77  AY749539.1.1586_U              18.64%    passed     60.60%
  78  AY749527.1.1584_U              18.90%    passed     90.46%
  79  AY428817.1.1721_U              10.52%    failed      0.00%
  80  EU875589.107049.108842_U        6.72%    failed      0.00%
  81  ABEP02032867.18925.20738_U      5.73%    failed      0.00%
  82  FR874476.1.1806_U               6.19%    passed     49.39%
  83  HQ870587.1.858_U               55.49%    passed     18.92%
  84  GU072079.1.908_U               53.05%    passed     82.77%
  85  DQ351897.1.1048_U              46.75%    failed      0.00%
  86  DQ351899.1.1048_U              46.75%    failed      0.00%
  87  JX458821.1.1546_U              24.10%    failed      0.00%
  88  U18494.1.1735_U                 9.94%    passed      8.82%
  89  AF408224.1.1664_U              13.59%    passed      7.50%
  90  U18104.1.1745_U                 9.47%    passed      8.69%
  91  HQ869191.1.894_U               54.92%    passed     63.77%
  92  HQ869564.1.886_U               54.71%    passed     62.80%
  93  EF622539.1.1683_U              13.43%    passed     81.69%
  94  JF489949.1.1674_U              12.91%    passed     77.38%
  95  FJ536748.1.1073_U              45.34%    passed     48.20%
  96  FJ559379.1.1653_U              14.00%    passed     72.17%
  97  FR717538.2.2171_U               6.77%    passed     89.81%
  98  KC589697.1711.1_U              10.93%    passed     58.03%
  99  HQ662272.1.846_U               56.12%    passed      6.89%
 100  FJ431561.1.801_U               62.47%    passed     90.69%
 101  JX391013.1.1728_U              10.10%    failed      0.13%
 102  GU825178.1.1416_U              36.02%    passed     23.99%
 103  AB275078.1.1682_U              12.44%    passed     99.22%
 104  KF031618.1.1740_U               9.42%    passed     89.22%
 105  EU143500.1.890_U               53.67%    passed     91.90%
 106  FJ971827.1.959_U               50.23%    passed     15.73%
 107  ACSY01001905.540.2330_U        18.48%    failed      2.16%
 108  HQ026766.1.1127_U              41.64%    passed     35.11%
 109  U78034.1.1808_U                 5.93%    passed     79.80%
 110  AJ295822.1.1777_U               7.70%    passed     75.61%
 111  AB365204.1.1737_U               9.63%    passed     61.96%
 112  MK189081.1.1788_U               7.03%    passed     73.27%
 113  AF123293.1.1789_U               6.87%    passed     90.14%
 114  DQ388549.1.1646_U              14.37%    passed     62.42%
 115  AY919756.1.1718_U              10.72%    passed     17.87%
 116  AY635826.1.1783_U               7.44%    passed     41.71%
 117  HM487003.1.1354_U              29.78%    passed     30.02%
 118  AY605192.1.800_U               58.41%    passed     86.96%
 119  EF526778.1.1196_U              38.26%    passed     69.88%
 120  EF526944.1.1245_U              35.76%    passed     63.84%
 121  EF526775.1.1199_U              38.11%    passed     76.72%
 122  EU190846.1.1731_U              10.05%    passed     95.03%
 123  EU645440.1.1705_U              11.30%    passed     72.83%
 124  EU272633.1.1654_U              14.26%    passed     89.91%
 125  JQ867356.1.1612_U              16.45%    passed     34.26%
 126  DQ396545.1.1663_U              31.55%    failed      0.00%
 127  AF487999.1.2152_U               7.29%    failed      0.00%
 128  AY211905.1.1743_U               9.27%    passed     86.39%
 129  AY211903.1.1744_U               9.21%    passed     70.05%
 130  AY211901.1.1745_U               9.16%    passed     86.62%
 131  AF420478.1.1737_U              19.73%    failed      0.05%
 132  MF039355.1.1540_U              29.26%    failed      0.00%
 133  JQ356867.1.1766_U               8.38%    passed     74.94%
 134  EU039904.1.1704_U              11.61%    passed     33.78%
 135  EF023886.1.1768_U               8.33%    passed     28.27%
 136  KC486265.1.1651_U              14.11%    passed     72.05%
 137  KC488086.1.1653_U              14.11%    passed     73.58%
 138  KC487812.1.1650_U              14.16%    passed     72.79%
 139  KF651064.1.1791_U               8.64%    passed     36.62%
 140  KF651068.1.1776_U               9.21%    passed     34.95%
 141  KF651077.1.1739_U               9.47%    passed     16.65%
 142  AJ880417.1.1760_U               8.64%    passed     74.68%
 143  AY126434.1.1795_U               6.98%    passed     84.89%
 144  AF087128.1.1769_U               8.64%    passed     59.26%
 145  AB505514.1.1642_U              14.68%    passed     89.93%
 146  DQ103875.1.1765_U               8.54%    passed     97.36%
 147  AY835678.1.1116_U              41.91%    failed      4.29%
 148  GU819266.1.1045_U              45.65%    passed     34.92%
 149  GU819513.1.1351_U              29.83%    passed     80.51%
 150  GU819580.1.1045_U              45.65%    passed     46.54%
 151  HM749911.1.1452_U              24.52%    passed     12.32%
 152  AB505512.1.1637_U              14.99%    passed     15.67%
 153  FJ153691.1.1176_U              38.99%    passed     26.00%
 154  HE655158.1.935_U               51.43%    failed      1.18%
 155  GU067868.1.847_U               55.91%    failed      2.61%
 156  HE655417.1.937_U               51.33%    failed      1.09%
 157  EF196696.1.800_U               58.41%    failed      0.22%
 158  EF196698.1.829_U               56.85%    failed      0.10%
 159  HE655163.1.943_U               51.02%    failed      1.39%
 160  HM561010.1.974_U               49.30%    passed     35.20%
 161  AF530533.1.1627_U              15.51%    passed     88.49%
 162  KF130608.1.1727_U              10.36%    passed     36.79%
 163  FJ153733.1.1138_U              40.86%    passed     89.91%
 164  HQ866195.1.857_U               55.39%    passed     68.26%
 165  HE655406.1.922_U               52.11%    passed     47.23%
 166  HQ868572.1.885_U               53.98%    passed     71.00%
 167  HQ866200.1.857_U               55.39%    passed     61.83%
 168  EU545734.1.955_U               50.34%    passed     28.10%
 169  FN690045.1.1652_U              14.21%    passed     20.39%
 170  EU785166.1.846_U               56.06%    passed     43.57%
 171  GU823779.1.1365_U              29.41%    passed     42.42%
 172  GU072408.1.921_U               52.11%    passed     57.77%
 173  GU072226.1.909_U               52.73%    passed     50.78%
 174  GU072388.1.908_U               52.84%    passed     50.33%
 175  EU273464.1.2551_U              17.07%    failed      0.00%
 176  EU273465.1.2583_U              15.30%    failed      0.00%
 177  EU273471.1.2471_U              20.56%    failed      0.00%
 178  AB430589.1.1773_U               7.76%    failed      1.04%
 179  AY569580.1.1616_U              16.09%    passed     81.23%
 180  GU823605.1.1205_U              37.38%    passed     27.17%
 181  AB193567.1.1805_U               6.98%    failed      0.00%
 182  GU568348.1.1849_U               6.19%    failed      0.00%
 183  AAFR03070865.1992.3881_U        4.69%    failed      0.00%
 184  AB326380.1.1525_U              21.86%    passed     30.83%
 185  FJ986220.1.1521_U              22.02%    passed     22.05%
 186  FN377763.1.1524_U              21.71%    passed     64.03%
 187  AB508339.1.1724_U              10.57%    passed     75.45%
 188  JN832776.1.894_U               53.72%    passed     57.40%
 189  JQ420096.1.1749_U               9.06%    passed     84.12%
 190  FJ410773.1.800_U               58.77%    passed     99.09%
 191  HQ866624.1.884_U               53.98%    passed     98.91%
 192  AF293686.1.1802_U               6.30%    passed     77.83%
 193  HQ435813.1.1768_U               8.07%    passed     67.16%
 194  EF142081.1.1769_U               8.49%    passed     32.22%
 195  AY218107.1.1770_U               8.43%    passed     30.55%
 196  EF142076.1.1769_U               8.49%    passed     35.01%
 197  JQ956248.1.986_U               48.78%    passed     62.30%
 198  FR874327.1.1747_U               9.21%    passed     76.55%
 199  FJ876971.1.1750_U               9.16%    passed     54.99%
 200  AY267345.1.1749_U               9.06%    passed      9.90%
 201  AY550245.1.1770_U               8.59%    failed      1.06%
 202  GU232543.1.898_U               54.24%    passed      6.30%
 203  U37107.1.1805_U                 6.56%    passed     97.58%
 204  JX272636.1.1808_U               5.93%    passed     72.36%
 205  KX500025.1.1762_U               8.33%    passed     93.18%
 206  JF489970.1.1707_U              11.40%    passed     48.70%
 207  GQ452858.1.1694_U              12.13%    passed     51.13%
 208  GQ452849.1.1703_U              11.61%    passed     53.71%
 209  JN934678.1.1680_U              13.07%    passed     93.72%
 210  EF695169.1.817_U               57.47%    passed     36.94%
 211  HQ646562.1.1515_U              21.34%    passed     65.46%
 212  AB353770.1.1740_U               9.47%    passed     89.71%
 213  AB284159.1.1765_U               8.22%    passed     33.33%
 214  FN690280.1.821_U               57.31%    passed     80.04%
 215  JN832723.1.1687_U              12.60%    passed     68.29%
 216  GU824789.1.1196_U              38.42%    failed      0.03%
 217  GU820450.1.1073_U              44.72%    passed     33.60%
 218  EU635617.1.1199_U              48.15%    passed     60.06%
 219  FN598247.1.1349_U              40.86%    failed      4.67%
 220  DQ504319.1.1390_U              38.31%    passed      9.60%
 221  AY965870.1.1850_U               7.39%    passed     13.41%
 222  HQ870103.1.989_U               54.40%    passed     83.57%
 223  HQ866864.1.1003_U              53.67%    passed     87.94%
 224  AJ489263.1.1850_U               8.28%    failed      4.24%
 225  AB749143.1.1702_U              14.11%    passed     64.49%
 226  AJ489264.1.1809_U              10.31%    failed      2.40%
 227  DQ073795.1.1782_U               7.96%    failed      0.00%
 228  DQ073789.1.1649_U              14.52%    failed      0.00%
 229  DQ060802.1.1733_U               9.99%    failed      0.13%
 230  EF378675.1.1146_U              41.59%    passed      7.87%
 231  AY848970.1.1076_U              48.31%    failed      0.50%
 232  AF426157.1.1841_U               6.04%    failed      4.41%
 233  FJ593705.1.1637_U              16.97%    passed     24.04%
 234  FJ593707.1.1639_U              16.87%    passed     32.04%
 235  FJ593706.1.1637_U              16.97%    passed     24.04%
 236  JQ223333.1.1592_U              20.51%    failed      0.19%
 237  HQ865425.1.865_U               56.64%    failed      1.83%
 238  HQ865246.1.867_U               56.48%    failed      2.37%
 239  AM235536.1.1627_U              15.30%    passed     17.13%
 240  JX159361.1.978_U               49.09%    passed     68.89%
 241  AJ271226.1.1064_U              44.61%    passed      5.34%
 242  EU567273.1.1247_U              44.77%    passed     79.31%
 243  KC779511.1.1812_U               8.02%    passed     11.81%
 244  EU910611.1.1769_U               8.90%    failed      1.29%
 245  EF165631.1.1682_U              14.89%    passed     72.30%
 246  JF831801.1.1749_U              11.61%    failed      2.35%
 247  EU567274.1.1223_U              44.82%    passed     86.19%
 248  MG519738.1.2026_U               6.82%    passed     82.60%
 249  MG519735.1.1943_U              12.08%    passed     65.33%
 250  MG519743.1.2045_U               5.83%    passed     58.54%
 251  EU701015.1.1746_U              30.77%    passed     65.91%
 252  AB094974.1.895_U               54.61%    passed     87.81%
 253  AF310900.1.1843_U               5.83%    passed     37.91%
 254  GU125750.1.1363_U              29.05%    passed     15.62%
 255  GU125745.1.1728_U              10.15%    passed     20.64%
 256  U36272.1.1734_U                10.10%    failed      4.78%
 257  AF112872.1.2267_U               7.65%    failed      0.00%
 258  EU144012.1.800_U               64.39%    failed      0.07%
 259  AJ532479.1.2159_U              12.55%    failed      0.00%
 260  AM168058.1.1883_U               7.86%    failed      0.12%
 261  HQ732194.1.2464_U              20.30%    failed      2.80%
 262  FJ424854.11.1821_U             11.50%    failed      0.96%
 263  FJ896224.1.1675_U              12.81%    passed     98.68%
 264  JX185299.1.1748_U               9.06%    passed     98.65%
 265  U41052.1.1798_U                 6.51%    passed     55.17%
 266  AF271997.1.1793_U               7.03%    passed     65.01%
 267  ACFS01000464.52662.54459_U      6.66%    passed     58.03%
 268  ACFS01000464.73319.75121_U      6.56%    passed     55.75%
 269  EF405670.1.1139_U              41.12%    passed     95.13%
 270  AY305010.1.2094_U               5.36%    passed     58.91%
 271  FN598271.1.1159_U              39.98%    passed     66.70%
 272  JQ226494.1.1607_U              16.81%    passed     34.38%
 273  HQ868452.1.878_U               54.40%    passed     26.90%
 274  GU821117.1.1234_U              36.02%    passed     43.45%
 275  AY620253.1.1200_U              37.90%    passed     51.31%
 276  AF411285.1.1251_U              35.29%    passed     12.20%
 277  AY620254.1.1818_U               5.93%    passed     40.32%
 278  JN207873.1.860_U               55.34%    passed     15.87%
 279  AF411270.1.1803_U               6.40%    passed     57.52%
 280  AY689764.1.970_U               49.61%    passed     44.96%
 281  FN690438.1.1700_U              11.92%    passed     67.10%
 282  DQ781333.1.1147_U              40.45%    passed     22.64%
 283  EU545725.1.985_U               49.35%    passed     72.17%
 284  JN202440.1.2140_U               4.22%    failed      0.44%
 285  HQ687484.1.2131_U               8.38%    failed      0.00%
 286  GQ265403.1.834_U               57.63%    passed     33.81%
 287  GU223777.1.1164_U              40.19%    passed     84.25%
 288  GU223780.1.1165_U              40.24%    passed     59.67%
 289  GQ917413.1.1780_U               9.37%    passed     57.30%
 290  FJ816018.1.1805_U               9.16%    failed      0.75%
 291  EU213224.1.1007_U              72.77%    passed     57.69%
 292  EU213243.1.908_U               73.76%    passed     56.02%
 293  AY452799.1.1031_U              73.97%    passed     45.29%
 294  AM492688.1.866_U               55.60%    passed     81.82%
 295  HQ179633.1.1431_U              27.17%    failed      0.00%
 296  DQ157272.1.1447_U              26.29%    failed      0.00%
 297  EF447249.1.1033_U              46.49%    passed     16.03%
 298  AJ938003.1.1031_U              54.71%    failed      3.04%
 299  FN557497.1.831_U               57.94%    passed     85.22%
 300  AY963688.1.1773_U               8.17%    passed     17.55%
 301  AY228132.1.1146_U              40.50%    passed     35.88%
 302  AY963690.1.1760_U               8.64%    passed     15.63%
 303  FR865776.2.1778_U               7.55%    passed     68.59%
 304  X68483.12.1770_U                8.54%    passed     60.04%
 305  X81901.1.1801_U                 6.40%    passed     71.06%
 306  Z83972.1.1053_U                67.99%    passed     88.89%
 307  AB636753.1.1071_U              67.10%    passed     78.58%
 308  AB636787.1.1079_U              67.10%    passed     75.61%
 309  AF119083.1.1734_U              10.46%    passed     50.10%
 310  DQ079924.1.1695_U              12.08%    passed     57.52%
 311  AY218112.1.1717_U              11.14%    passed     89.89%
 312  AAZY02000003.459153.460905_U   10.26%    failed      0.67%
 313  EU814411.1.826_U               57.68%    failed      0.01%
 314  JF264865.1.1683_U              14.94%    failed      3.13%
 315  HQ870283.1.847_U               55.96%    passed     45.87%
 316  JQ956105.1.964_U               49.82%    passed     27.64%
 317  JQ782004.1.1784_U               7.18%    passed     63.81%
 318  AY821960.1.1807_U              12.55%    passed     98.63%
 319  AY821959.1.1853_U              10.36%    passed     89.57%
 320  FJ537507.1.865_U               55.23%    passed     57.32%
 321  HM581529.1.1199_U              37.84%    passed     40.71%
 322  GU824821.1.1203_U              37.64%    passed     81.34%
 323  HQ869009.1.866_U               54.97%    passed     77.72%
 324  HQ869063.1.868_U               54.92%    passed     77.77%
 325  HQ868955.1.874_U               54.55%    passed     86.78%
 326  EU500064.1.812_U               57.99%    passed     31.93%
 327  HQ869677.1.907_U               53.10%    passed     45.49%
 328  EU682597.1.966_U               49.97%    passed     60.42%
 329  HM581532.1.1129_U              41.85%    passed     76.09%
 330  KF129994.1.1776_U               7.91%    passed     97.98%
 331  JX188371.1.1777_U               7.86%    passed     94.72%
 332  KJ757541.1.1803_U               6.66%    passed     90.26%
 333  KJ757232.1.1818_U               5.78%    passed     93.78%
 334  JN886763.1.1733_U              10.20%    failed      0.00%
 335  EU728439.1.1694_U              13.38%    failed      0.00%
 336  JN886773.1.1730_U              10.26%    failed      0.12%
 337  MF682187.1.1907_U               6.87%    passed     83.82%
 338  MF682191.1.1117_U              48.57%    passed     37.76%
 339  JN606335.1.1856_U              14.73%    failed      0.00%
 340  DQ423741.1.934_U               55.80%    passed      8.85%
 341  FN668558.1.2905_UC             13.85%    passed     44.76%
 342  AB505532.1.1601_U              17.39%    passed     75.66%
 343  AJ537427.1.1688_U              12.55%    passed     24.94%
 344  FN659815.1.1670_U              13.64%    passed     60.53%
 345  EU162648.1.1797_U               6.51%    failed      0.15%
 346  AB622284.1.1663_U              13.53%    failed      0.24%
 347  JN832741.1.1033_U              46.75%    passed     71.23%
 348  JX565073.1.1478_U              24.31%    passed     98.87%
 349  HQ149967.1.1497_U              23.32%    passed     97.80%
 350  AF076958.1.1502_U              23.01%    passed     96.87%
 351  AB191435.1.1688_U              12.29%    failed      1.57%
 352  GU123062.1.1521_U              22.07%    failed      0.00%
 353  AY336700.1.1722_U              10.57%    passed     82.59%
 354  FN598449.1.1002_U              48.31%    passed     64.23%
 355  JX204736.1.1524_U              21.45%    failed      0.00%
 356  AJ971529.1.1605_U              17.07%    passed     23.91%
 357  AB772635.1.1710_U              10.98%    passed     52.49%
 358  AB772640.1.1710_U              10.98%    passed     49.18%
 359  AB772649.1.1710_U              10.98%    passed     53.39%
 360  AY425018.1.2062_U              11.04%    failed      0.34%
 361  KF192979.1.2213_U               9.21%    passed     19.97%
 362  EF071572.1.860_U               74.75%    passed     92.59%
 363  AB738356.1.1776_U               8.43%    failed      0.06%
 364  AY859598.1.1768_U               8.49%    failed      0.76%
 365  AB738378.1.1765_U               8.59%    failed      2.57%
 366  KC149965.1.1782_U               7.34%    passed     84.44%
 367  FJ592504.1.1091_U              43.31%    passed     60.31%
 368  EF372517.1.2170_R               6.77%    passed     89.81%
 369  EU163792.1.1363_U              29.83%    passed      6.19%
 370  AB564642.1.1457_U              25.09%    failed      1.72%
 371  HM561006.1.919_U               52.89%    failed      4.32%
 372  FN562428.1.1177_U              43.36%    failed      3.23%
 373  FN562424.1.1024_U              50.44%    passed      8.37%
 374  FN562427.1.1210_U              41.70%    failed      3.68%
 375  AY746986.1.1855_U               6.77%    failed      3.63%
 376  FR874475.1.1775_U               7.60%    passed     91.65%
 377  AF525872.1.1766_U               8.07%    passed     97.17%
 378  FR874285.1.1777_U               7.50%    passed     92.39%
 379  GU001154.1.1778_U               8.22%    passed     26.23%
 380  GU001156.1.1684_U              13.07%    passed     24.46%
 381  HQ166719.1.1035_U              46.17%    passed     65.27%
 382  JF730753.1.1707_U              11.24%    passed     45.82%
 383  EF432533.1.1163_U              39.72%    passed     49.09%
 384  AF408245.1.1652_U              14.00%    passed     12.71%
 385  HO367272.550.2342_U             6.77%    passed     86.48%
 386  AB330053.1.1650_U              14.89%    passed     46.31%
 387  U58369.1.1853_U                 6.40%    passed     32.52%
 388  AB266027.1.1625_U              15.77%    passed     31.10%
 389  X97158.1.1861_U                 5.67%    passed     27.32%
 390  KP676329.1.2502_U              10.52%    failed      0.00%
 391  KP676328.1.2503_U              10.62%    failed      0.00%
 392  KP676335.1.1945_U              30.14%    failed      0.00%
 393  HM103434.1.1045_U              50.18%    failed      1.38%
 394  FJ895164.1.889_U               54.97%    passed     63.75%
 395  JX136961.1.1174_U              48.72%    passed     16.08%
 396  AJ487046.1.1736_U              10.10%    failed      0.69%
 397  AY218108.1.1777_U               7.96%    failed      0.52%
 398  KX214678.1.1559_U              32.12%    failed      0.26%
 399  KX214677.1.1460_U              31.96%    failed      0.00%
 400  KX214676.1.1693_U              25.92%    failed      0.00%
 401  JQ956215.1.921_U               52.06%    passed     64.09%
 402  EU500084.1.817_U               57.47%    passed     59.90%
 403  GQ344718.1.891_U               53.62%    passed     53.97%
 404  GU823558.1.1215_U              36.80%    passed     12.32%
 405  FJ431450.1.821_U               57.31%    passed     20.75%
 406  HQ865010.1.889_U               53.77%    passed      6.40%
 407  GU823601.1.1215_U              36.75%    passed     81.98%
 408  GU823292.1.1216_U              36.70%    passed     87.65%
 409  GU823315.1.1216_U              36.70%    passed     91.14%
 410  KC583151.1.1101_U              42.89%    passed      6.53%
 411  GQ344748.1.872_U               54.82%    passed     17.06%
 412  KC583020.1.1788_U               7.18%    failed      0.95%
 413  AB201235.1.1749_U               9.01%    failed      2.45%
 414  DQ640541.1.877_U               54.55%    passed     16.72%
 415  FJ977655.1.1768_U               8.07%    failed      1.08%
 416  AY426915.1.861_U               55.44%    failed      1.23%
 417  AB534326.1.1612_U              16.29%    passed     90.11%
 418  FJ592410.1.1088_U              43.78%    passed     75.75%
 419  GU949616.1.944_U               51.22%    failed      0.05%
 420  GU949609.1.757_U               60.59%    failed      0.15%
 421  GU949611.1.726_U               62.21%    failed      0.55%
 422  FN995276.1.967_U               68.51%    passed     63.65%
 423  FN995282.1.872_U               73.09%    passed      9.62%
 424  FR875143.1.966_U               74.44%    passed     39.60%
 425  EU484254.1.1155_U              41.44%    passed     19.35%
 426  HE615003.1.806_U               58.67%    passed     19.62%
 427  FJ831626.1.1132_U              41.54%    passed     16.46%
 428  KC759108.1.1649_U              24.26%    failed      0.01%
 429  HE614617.1.6309_UC             15.10%    passed      7.00%
 430  AB435328.1.1262_G              46.64%    failed      1.20%
 431  JX481291.1.1760_U              18.01%    failed      0.00%
 432  JX481293.1.2076_R              26.13%    failed      0.00%
 433  JX481296.1.4820_G              14.47%    failed      0.01%
 434  JQ388892.1.1909_U              14.11%    passed     30.16%
 435  AB693053.1.2028_U              10.36%    passed     41.47%
 436  JX971432.1.1420_U              33.47%    passed      5.13%
 437  EF506559.1.1777_U               8.54%    passed     35.68%
 438  DQ238130.1.1699_U              12.18%    passed     42.97%
 439  DQ238144.1.1717_U              11.66%    passed     57.57%
 440  AB252741.1.1720_U              10.72%    passed     76.60%
 441  AB505547.1.1712_U              10.98%    passed     75.41%
 442  AB505486.1.1713_U              10.93%    passed     98.60%
 443  EF024200.1.1748_U               9.37%    passed     18.57%
 444  X65151.1.1758_U                 8.80%    passed     48.30%
 445  FM201298.1.1720_U              10.72%    passed     46.39%
 446  GFYU01000848.135.2191_U        11.30%    failed      0.47%
 447  MG202010.1497.3290_U            7.03%    failed      1.23%
 448  OP102002.1.1565_U              19.52%    passed     15.04%
 449  AJ875130.1.1731_U              10.41%    passed     23.63%
 450  AF082999.1.1697_U              12.70%    passed     21.72%
 451  AY284661.1.1698_U              12.29%    failed      2.58%
 452  AB647213.1.843_U               56.12%    passed     58.25%
 453  U51005.1.1794_U                 7.18%    passed     40.92%
 454  JN129261.1.883_U               54.19%    passed     54.06%
 455  EU255589.1.1965_U               7.03%    failed      0.03%
 456  JF293054.1.1778_U               8.64%    failed      4.38%
 457  EU495307.1.1786_U               9.21%    failed      0.01%
 458  JX869374.1.966_U               49.71%    passed     35.43%
 459  HM240791.1.1088_U              43.36%    passed      8.02%
 460  HM240792.1.1087_U              43.41%    failed      4.33%
 461  FN562435.1.2671_UC              7.18%    passed     22.26%
 462  FN562435.1.2671_U               7.18%    passed     22.26%
 463  AB600193.1.1760_U               8.38%    passed     16.92%
 464  OP102010.1.1796_U               6.51%    passed     50.83%
 465  OP102009.1.1796_U               6.51%    passed     50.83%
 466  OP102007.1.1697_U              11.87%    passed     39.34%
 467  AY628361.1.822_U               57.21%    passed     18.24%
 468  GU355683.1.1206_U              37.22%    passed      6.21%
 469  GU355682.1.1194_U              37.90%    passed     16.91%
 470  AB771849.1.1685_U              12.49%    passed     92.65%
 471  AB771817.1.1686_U              12.39%    passed     95.15%
 472  EU143892.1.800_U               58.36%    passed     48.05%
 473  AY364635.1.1973_U               6.61%    passed      8.69%
 474  JN825683.1.1133_U              49.09%    passed     17.01%
 475  AF349565.1.2154_U               5.00%    passed      6.43%
 476  HQ867056.1.866_U               54.97%    passed     43.32%
 477  HQ446279.1.1754_U               8.95%    passed     37.14%
 478  HQ870051.1.844_U               56.22%    passed     14.55%
 479  AY788937.1.1740_U               9.53%    passed     98.83%
 480  KP780272.1.3224_U               5.78%    passed     97.08%
 481  MW045617.1.5406_U               5.67%    passed     97.33%
 482  EU855553.1.850_U               67.57%    failed      0.00%
 483  EU855557.1.840_U               67.41%    failed      0.00%
 484  EU855531.1.866_U               67.67%    failed      0.00%
 485  JQ781906.1.1805_U               6.25%    passed     86.27%
 486  GU823633.1.1215_U              38.42%    passed     71.96%
 487  HQ869630.1.922_U               54.40%    failed      2.52%
 488  GU290111.1.1426_U              28.42%    failed      0.02%
 489  GU824382.1.1216_U              37.06%    passed     30.74%
 490  GU290104.1.1840_U               7.65%    failed      0.02%
 491  U27359.1.1251_U                36.80%    failed      0.00%
 492  DQ078785.1.1260_U              36.70%    failed      0.00%
 493  JF443580.1.1229_U              37.74%    failed      0.00%
 494  AY566416.1.1598_U              38.21%    passed     23.44%
 495  AF280077.1.1732_U              12.60%    passed      9.81%
 496  AF482425.1.1715_U              13.64%    passed     24.05%
 497  FJ619276.1.1016_U              47.21%    passed     73.57%
 498  EU446344.1.1542_U              19.73%    passed     94.72%
 499  U40919.1.1778_U                 7.44%    passed     79.32%
 500  AY749626.1.2212_U              18.69%    failed      0.07%
 501  AY749628.1.2234_U              18.06%    failed      0.64%
 502  AY749627.1.2256_U              18.48%    failed      0.11%
 503  JF714242.1.1794_U               6.66%    passed     23.48%
 504  HQ877904.1.1638_U              14.99%    failed      3.20%
 505  HQ877905.1.1638_U              14.99%    failed      3.12%
 506  JN592593.1.1666_U              13.33%    failed      0.08%
 507  JN592589.1.1686_U              12.23%    passed     10.75%
 508  JN592592.1.1561_U              18.74%    failed      0.05%
 509  JF698781.1.1659_U              13.74%    passed     18.01%
 510  AF117779.1.1802_U               6.35%    passed     28.15%
 511  FJ537504.1.824_U               57.16%    passed     45.16%
 512  DQ244021.1.1733_U              10.83%    failed      0.08%
 513  AB771894.1.1581_U              18.12%    failed      2.99%
 514  DQ244020.1.1732_U              10.78%    failed      0.04%
 515  GU824834.1.1056_U              45.39%    passed     55.55%
 516  GU823937.1.1056_U              45.39%    passed     64.09%
 517  GU824317.1.1056_U              45.39%    passed     63.58%
 518  AY046779.1.1205_U              37.53%    failed      0.57%
 519  AY598631.1.1803_U               6.98%    passed     28.64%
 520  AY046764.1.1205_U              37.53%    failed      0.89%
 521  AB820365.1.1907_U               6.14%    failed      0.93%
 522  AB820366.1.1907_U               6.14%    failed      0.93%
 523  AB218767.1.1758_U              10.52%    passed     65.39%
 524  AB095294.1.1804_U               6.61%    passed     10.27%
 525  AB087132.1.1756_U               9.06%    passed      6.82%
 526  AB087113.1.1757_U               9.11%    passed      8.24%
 527  AF044846.1.1201_U              37.58%    failed      3.30%
 528  AB365201.1.1692_U              12.86%    failed      1.66%
 529  AB365198.1.1744_U               9.42%    failed      0.13%
 530  EF623827.1.1709_U              11.71%    passed     58.49%
 531  JN867018.1.1719_U              11.35%    passed     57.66%
 532  FJ008926.1.1749_U               9.06%    passed     58.25%
 533  HM990666.1.1801_U               6.35%    passed     20.70%
 534  HM990664.1.1806_U               6.40%    passed     16.06%
 535  HM990669.1.1611_U              16.19%    passed     22.44%
 536  JX988758.1.1807_U               6.45%    passed     52.94%
 537  JQ956210.1.964_U               49.97%    passed     32.49%
 538  HQ867420.1.880_U               54.40%    passed     47.21%
 539  JQ782333.1.951_U               50.70%    passed     27.34%
 540  HQ710581.1.1692_U              12.08%    passed     66.93%
 541  AB058925.1.1804_U               6.25%    passed     82.52%
 542  AF438322.1.1771_U               7.96%    passed     81.88%
 543  HQ869747.1.875_U               54.55%    passed     40.89%
 544  HQ866439.1.898_U               53.36%    passed     46.35%
 545  HQ867872.1.907_U               52.89%    passed     78.68%
 546  ABGP01001197.1595.3380_U        7.18%    passed     61.80%
 547  L10828.1.1787_U                 7.03%    passed     60.67%
 548  AY652580.1.1202_U              37.43%    passed     43.40%
 549  EF527191.1.1362_U              29.62%    passed     27.00%
 550  AB285526.1.1617_U              16.66%    failed      3.26%
 551  AY046826.1.1173_U              39.56%    passed      8.27%
 552  FN552026.1.1778_U              18.01%    failed      0.71%
 553  AY157217.1.1870_U              11.24%    passed     38.04%
 554  AY222109.1.1834_U              11.66%    failed      0.64%
 555  GU820903.1.1217_U              37.43%    failed      4.30%
 556  GU820930.1.1408_U              27.49%    failed      0.84%
 557  FJ169723.1.932_U               52.16%    passed     22.23%
 558  KC902140.1.1723_U              10.57%    passed     14.45%
 559  KC902343.1.1728_U              10.62%    failed      0.01%
 560  DQ167159.1.1793_U               6.72%    passed     25.03%
 561  AJ880418.1.1703_U              11.35%    failed      0.36%
 562  FM876989.1.802_U               58.51%    passed     11.74%
 563  FM876993.1.802_U               58.51%    passed     10.33%
 564  EU143489.1.889_U               53.98%    passed     94.80%
 565  FJ537517.1.816_U               57.63%    passed     25.02%
 566  FJ537345.1.1756_U               8.69%    passed     37.01%
 567  EU143506.1.906_U               52.84%    passed     99.64%
 568  EU143505.1.906_U               52.84%    passed     98.41%
 569  EU143504.1.906_U               52.84%    passed     94.51%
 570  EU143484.1.893_U               53.57%    passed     85.87%
 571  AB058375.1.1750_U               8.90%    passed     83.76%
 572  EU143481.1.898_U               53.31%    passed     94.37%
 573  DQ525700.1.1937_U              11.14%    passed     36.80%
 574  HM125130.1.1898_U              14.58%    passed     13.22%
 575  AF244905.1.1850_U               5.88%    passed     18.04%
 576  X80234.22.1814_U                6.72%    passed     20.92%
 577  AF342790.1.1768_U               7.96%    passed     16.69%
 578  FJ775646.1.811_U               57.78%    passed     54.30%
 579  HQ394033.1.819_U               57.37%    failed      0.03%
 580  AB695501.1.1724_U              10.46%    failed      0.24%
 581  FN690354.1.1661_U              13.74%    failed      0.54%
 582  JN090894.1.1766_U               8.22%    passed     35.87%
 583  AM292313.1.1704_U              11.45%    passed     65.21%
 584  AB354737.1.1743_U               9.42%    passed     27.54%
 585  HM051056.1.1746_U               9.99%    passed     16.64%
 586  HM051057.1.1731_U              10.46%    passed      5.12%
 587  FJ858216.1.1747_U               9.32%    passed     15.34%
 588  EF526798.1.1315_U              31.60%    failed      1.04%
 589  DQ103865.1.1740_U               9.63%    passed      8.07%
 590  DQ310335.1.1479_U              23.17%    passed     18.30%
 591  AB983344.1.1660_U              13.95%    passed     19.97%
 592  AB983345.1.1693_U              12.23%    passed     13.40%
 593  AB158370.1.1763_U               8.43%    passed      9.51%
 594  AY749515.1.1581_U              18.74%    passed     85.87%
 595  AY749487.1.1576_U              18.84%    passed     53.92%
 596  AY749614.1.1619_U              18.12%    passed     79.86%
 597  EU141942.1.1806_U               5.99%    passed     94.02%
 598  AJ404886.1.1724_U              10.26%    passed     93.57%
 599  FN562443.1.1783_U               7.18%    passed     91.48%
 600  EU561982.1.868_U               55.54%    passed     87.41%
 601  GU823374.1.1208_U              37.95%    passed     76.41%
 602  GU823271.1.1401_U              27.90%    passed     44.77%
 603  EU561822.1.924_U               52.42%    passed     44.02%
 604  DQ314831.1.1762_U               8.95%    passed     82.43%
 605  AY665072.1.1758_U               9.11%    passed     88.80%
 606  EU567301.1.1092_U              44.25%    passed     38.62%
 607  GU824007.1.1198_U              38.05%    passed     91.28%
 608  GU821362.1.1064_U              44.98%    passed     34.42%
 609  GU825638.1.1210_U              39.09%    passed     33.65%
 610  EF172847.1.1415_U              27.17%    passed     17.79%
 611  GU824683.1.1080_U              45.86%    passed     34.74%
 612  HQ866156.1.905_U               53.05%    passed     59.78%
 613  HQ866557.1.896_U               53.51%    passed     56.42%
 614  HQ866312.1.898_U               53.41%    passed     57.88%
 615  HG970975.1.1815_U               5.99%    passed     97.64%
 616  KJ762982.1.1815_U               5.88%    passed     98.57%
 617  JX841518.1.606_U               68.56%    passed     48.88%
 618  MG760572.1.1757_U               8.69%    passed     32.71%
 619  MG818163.1.1765_U               8.33%    passed     27.52%
 620  MG818164.1.1684_U              12.55%    passed     28.58%
 621  AB045598.1.1724_U              10.67%    passed     92.77%
 622  AB045591.1.1758_U               8.85%    passed     82.30%
 623  AB183652.1.1736_U               9.94%    passed     93.74%
 624  GQ462613.1.1718_U              13.79%    failed      0.00%
 625  AB695474.1.1850_U              10.15%    passed      9.38%
 626  AB649036.1.1734_U              10.15%    passed     42.93%
 627  AY268038.1.1731_U              11.04%    passed     99.92%
 628  AB686266.1.1858_U               9.84%    passed     75.34%
 629  GQ922295.1.1581_U              18.12%    passed     20.12%
 630  GQ922329.1.1638_U              15.15%    passed     17.43%
 631  DQ297716.1.1759_U               8.64%    passed     95.23%
 632  KY113120.1.1675_U              13.12%    passed     70.71%
 633  MK547176.1.1610_U              16.76%    passed     35.23%
 634  MK547175.1.1836_U               7.13%    failed      0.76%
 635  JN054664.1.1478_U              23.53%    passed     52.35%
 636  JX074678.1.850_U               56.59%    passed      7.46%
 637  AF372714.1.1164_U              40.29%    passed     68.45%
 638  JQ781961.1.1805_U               6.25%    passed     10.05%
 639  FJ821481.1.1797_U               6.66%    passed     21.45%
 640  AY046632.1.1208_U              37.84%    failed      3.59%
 641  MH488781.1.1813_U              14.26%    passed     85.53%
 642  MH488775.1.2010_U              14.58%    failed      0.00%
 643  MH488774.1.2217_U               9.89%    failed      0.00%
 644  AB085614.1.1787_U               7.29%    failed      4.55%
 645  EF024076.1.1760_U               9.06%    passed     39.97%
 646  FN689888.1.1674_U              13.48%    passed     78.49%
 647  HM561020.1.969_U               49.56%    passed     79.41%
 648  U17508.1.1555_U                20.67%    failed      0.26%
 649  AB032210.1.1397_U              28.47%    failed      0.10%
 650  JN585011.1.1375_U              29.41%    failed      0.00%
 651  HQ868963.1.869_U               54.82%    passed     12.77%
 652  HQ868818.1.902_U               53.51%    passed     23.96%
 653  HQ868645.1.907_U               52.84%    passed     19.82%
 654  GU290098.1.1828_U               5.26%    passed     75.91%
 655  EU143907.1.800_U               58.51%    passed     63.67%
 656  JN705520.1.1364_U              29.36%    passed     42.99%
 657  GU072058.1.867_U               55.18%    passed     73.01%
 658  HQ870865.1.857_U               55.49%    passed     40.41%
 659  HQ870780.1.857_U               55.49%    passed     44.53%
 660  HQ868095.1.889_U               53.93%    passed     47.53%
 661  HQ867814.1.872_U               54.82%    passed     36.16%
 662  HQ867916.1.896_U               53.57%    passed     35.90%
 663  GU825201.1.1079_U              43.94%    passed     34.66%
 664  HQ222510.1.961_U               50.08%    passed      9.92%
 665  JQ956228.1.967_U               49.77%    passed      7.61%
 666  GU825655.1.1080_U              43.94%    passed     35.96%
 667  GU825573.1.1081_U              43.99%    passed     19.72%
 668  GU823739.1.1081_U              43.94%    passed     40.67%
 669  GU823931.1.1063_U              45.97%    passed      5.07%
 670  AY256318.1.1212_U              38.83%    failed      2.08%
 671  GU823585.1.1407_U              26.81%    passed     37.60%
 672  KC486366.1.1661_U              15.25%    failed      0.00%
 673  GU824549.1.1199_U              37.69%    passed     21.62%
 674  JQ782341.1.950_U               50.81%    passed     33.29%
 675  DQ229956.1.1939_U               5.10%    passed     93.00%
 676  GU824670.1.1527_U              26.44%    passed     80.46%
 677  AB330051.1.1530_U              22.44%    passed     55.41%
 678  AF168633.1.1668_U              13.33%    passed     95.38%
 679  FJ595492.1.1765_U               8.28%    passed     47.84%
 680  L26204.3.1800_U                 6.61%    passed     93.93%
 681  HM749952.1.1785_U              21.45%    passed     86.34%
 682  GU820814.1.1416_U              38.31%    passed     86.99%
 683  HQ867061.1.1076_U              54.09%    passed     93.03%
 684  AJ130893.1.1242_U              35.71%    passed     56.77%
 685  JN004149.1.1547_U              19.52%    passed     64.98%
 686  JN004150.1.1550_U              19.42%    passed     27.19%
 687  HQ869303.1.904_U               53.15%    passed     33.25%
 688  HQ865407.1.885_U               53.93%    passed     36.47%
 689  EU793742.1.942_U               51.07%    passed      5.30%
 690  GQ922234.1.1709_U              11.45%    failed      2.88%
 691  EF586072.1.829_U               56.90%    failed      2.61%
 692  EF632440.1.1035_U              46.49%    passed     52.00%
 693  GQ365884.1.1003_U              47.84%    passed     40.31%
 694  KC771198.1.1805_U               6.61%    passed     88.76%
 695  GQ365768.1.1539_U              19.99%    passed     85.47%
 696  KC218493.1.1016_U              47.68%    passed     79.98%
 697  AF387157.1.1664_U              13.53%    passed     77.66%
 698  FM205834.1.1779_U               7.44%    failed      3.22%
 699  KC594038.1.1554_U              20.20%    passed     54.75%
 700  JX565040.1.1525_U              22.59%    passed     83.56%
 701  AY821962.1.1335_U              31.55%    passed     93.23%
 702  AB183877.1.1402_U              27.80%    passed      6.20%
 703  HQ636428.1.1519_U              22.02%    passed      9.39%
 704  AB032218.1.1398_U              28.11%    passed     10.70%
 705  AF293056.1.1602_U              20.15%    failed      0.00%
 706  EU647886.1.1562_U              22.18%    failed      0.00%
 707  JQ677149.1.1085_U              44.77%    failed      0.00%
 708  FM877695.1.956_U               68.40%    failed      0.04%
 709  AJ404311.1.2185_U              20.98%    failed      0.00%
 710  FM877701.1.1035_U              67.31%    failed      0.06%
 711  JQ782285.1.864_U               56.22%    failed      0.52%
 712  JF680951.1.1743_U               9.37%    passed     29.47%
 713  AF416396.1.1334_U              38.11%    failed      0.58%
 714  KC469132.1.1252_U              34.98%    failed      2.14%
 715  HQ868774.1.908_U               52.89%    passed     64.90%
 716  HQ869088.1.873_U               54.66%    passed     55.44%
 717  HQ869029.1.887_U               53.93%    passed     55.98%
 718  GU479959.1.1539_U              24.05%    passed     54.62%
 719  FJ766480.1.1881_U               8.38%    passed     61.13%
 720  FJ766461.1.1794_U              11.66%    failed      0.36%
 721  AF038005.1.1776_U               7.81%    passed     57.83%
 722  AM490829.1.1751_U               9.06%    passed     10.01%
 723  AF109729.1.1779_U               7.60%    passed     30.97%
 724  AY291292.1.1856_U               9.63%    failed      0.00%
 725  GQ344731.1.859_U               55.49%    passed     24.79%
 726  KC822922.1.1385_U              30.56%    failed      0.00%
 727  AB287991.1.1801_U               8.17%    passed     56.50%
 728  AF277015.1.1816_U               9.58%    passed     21.18%
 729  EF507542.1.1140_U              40.71%    passed     88.39%
 730  EF507553.1.1141_U              40.66%    passed     84.75%
 731  AF352242.1.2233_R               6.45%    passed     18.81%
 732  OTU-1                          74.54%    passed     44.09%
 733  OTU-2                          79.49%    passed     86.53%
 734  OTU-3                          74.86%    passed     29.24%
 735  OTU-4                          74.60%    passed     10.99%
 736  OTU-5                          81.05%    passed     24.58%
 737  OTU-6                          79.70%    passed     13.23%
 738  OTU-7                          74.86%    passed     14.94%
 739  OTU-8                          83.24%    failed      0.00%
 740  OTU-9                          74.96%    passed      6.52%
 741  OTU-10                         74.65%    passed     25.86%
 742  OTU-11                         75.17%    passed     67.25%
 743  OTU-12                         75.38%    failed      0.00%
 744  OTU-13                         74.80%    passed     56.08%
 745  OTU-14                         74.60%    passed     51.39%
 746  OTU-15                         74.75%    failed      1.75%
 747  OTU-16                         78.34%    passed     17.84%
 748  OTU-17                         79.96%    passed     65.94%
 749  OTU-18                         77.72%    failed      0.94%
 750  OTU-19                         79.13%    failed      0.00%
 751  OTU-20                         74.86%    passed     67.93%
 752  OTU-21                         77.82%    failed      0.08%
 753  OTU-22                         78.34%    failed      0.00%
 754  OTU-23                         74.54%    passed     92.64%
 755  OTU-24                         74.65%    failed      3.14%
 756  OTU-25                         77.72%    failed      0.01%
 757  OTU-26                         74.96%    passed     27.38%
 758  OTU-27                         74.49%    failed      0.10%
 759  OTU-28                         74.91%    passed      8.90%
 760  OTU-29                         80.22%    passed     58.67%
 761  OTU-30                         79.65%    failed      2.50%
 762  OTU-31                         78.81%    passed     39.36%
 763  OTU-32                         84.80%    passed     58.85%
 764  OTU-33                         74.86%    passed     18.39%
 765  OTU-34                         74.70%    passed     14.27%
 766  OTU-35                         74.60%    passed     28.92%
 767  OTU-36                         78.40%    passed     40.76%
 768  OTU-37                         79.33%    passed     72.87%
 769  OTU-38                         79.23%    passed     31.23%
 770  OTU-39                         76.78%    passed      8.03%
 771  OTU-40                         79.23%    passed     53.28%
 772  OTU-41                         75.01%    failed      0.22%
 773  OTU-42                         78.40%    failed      0.84%
 774  OTU-43                         80.48%    failed      2.28%
 775  OTU-44                         76.00%    failed      0.73%
 776  OTU-45                         78.14%    failed      0.03%
 777  OTU-46                         78.66%    failed      1.71%
 778  OTU-47                         75.07%    passed      6.35%
 779  OTU-48                         77.82%    failed      1.34%
 780  OTU-49                         78.55%    passed      5.97%
 781  OTU-50                         77.56%    failed      2.32%
 782  OTU-51                         74.80%    passed     32.34%
 783  OTU-52                         76.73%    failed      0.02%
 784  OTU-53                         74.96%    failed      4.33%
 785  OTU-54                         74.80%    passed     63.86%
 786  OTU-55                         75.27%    passed     11.92%
 787  OTU-56                         78.03%    passed     67.90%
 788  OTU-57                         79.28%    passed     11.75%
 789  OTU-58                         74.75%    passed     16.22%
 790  OTU-59                         78.97%    failed      0.59%
 791  OTU-60                         74.54%    passed     28.31%
 792  OTU-61                         79.59%    passed     15.73%
 793  OTU-62                         77.93%    passed     17.75%
 794  OTU-63                         74.86%    passed     12.21%
 795  OTU-64                         79.59%    passed     10.88%
 796  OTU-65                         74.70%    passed     39.88%
 797  OTU-66                         74.91%    passed     26.18%
 798  OTU-67                         78.19%    passed      7.68%
 799  OTU-68                         76.99%    passed     78.22%
 800  OTU-69                         75.90%    failed      0.00%
 801  OTU-70                         74.86%    passed     28.59%
 802  OTU-71                         78.60%    failed      1.74%
 803  OTU-72                         74.75%    passed      8.20%
 804  OTU-73                         78.55%    failed      3.36%
 805  OTU-74                         74.60%    passed     35.88%
 806  OTU-75                         75.17%    passed     48.89%
 807  OTU-76                         83.81%    failed      1.58%
 808  OTU-77                         80.22%    failed      1.90%
 809  OTU-78                         77.36%    failed      0.00%
 810  OTU-79                         80.53%    passed     78.97%
 811  OTU-80                         80.32%    passed     23.80%
 812  OTU-81                         78.60%    failed      0.11%
 813  OTU-82                         78.92%    passed     62.25%
 814  OTU-83                         76.26%    passed     29.61%
 815  OTU-84                         75.17%    failed      4.09%
 816  OTU-85                         81.88%    failed      0.00%
 817  OTU-86                         77.10%    passed     42.11%
 818  OTU-87                         80.01%    passed     28.91%
 819  OTU-88                         78.55%    failed      0.00%
 820  OTU-89                         76.99%    failed      3.14%
 821  OTU-90                         78.60%    failed      0.92%
 822  OTU-91                         79.85%    failed      0.47%
 823  OTU-92                         77.46%    failed      0.00%
 824  OTU-93                         77.72%    passed     83.08%
 825  OTU-94                         77.41%    passed     36.27%
 826  OTU-95                         80.32%    passed     25.74%
 827  OTU-96                         74.86%    passed     27.52%
 828  OTU-97                         75.12%    passed     14.04%
 829  OTU-98                         80.53%    passed     97.16%
 830  OTU-99                         84.02%    failed      2.41%
 831  OTU-100                        78.76%    failed      0.00%
 832  OTU-101                        78.87%    passed     14.63%
 833  OTU-102                        78.55%    failed      1.85%
 834  OTU-103                        78.87%    passed      8.03%
 835  OTU-104                        78.81%    failed      0.00%
 836  OTU-105                        78.03%    failed      0.00%
 837  OTU-106                        83.65%    failed      3.22%
 838  OTU-107                        78.19%    passed     16.26%
 839  OTU-108                        74.65%    failed      0.04%
 840  OTU-109                        74.91%    passed     21.48%
 841  OTU-110                        74.54%    failed      4.66%
 842  OTU-111                        75.74%    failed      0.03%
 843  OTU-112                        78.97%    failed      0.55%
 844  OTU-113                        83.97%    failed      1.13%
 845  OTU-114                        77.98%    passed      9.53%
 846  OTU-115                        76.78%    passed     11.53%
 847  OTU-116                        78.40%    failed      0.08%
 848  OTU-117                        74.60%    passed      7.35%
 849  OTU-118                        74.80%    passed     10.30%
 850  OTU-119                        78.92%    passed     34.65%
 851  OTU-120                        74.65%    passed     29.65%
 852  OTU-121                        77.56%    failed      0.55%
 853  OTU-122                        78.55%    failed      1.51%
 854  OTU-123                        75.95%    failed      0.00%
 855  OTU-124                        78.34%    failed      0.00%
 856  OTU-125                        77.25%    failed      1.00%
 857  OTU-126                        75.07%    passed     11.38%
 858  OTU-127                        75.38%    passed     19.34%
 859  OTU-128                        75.17%    passed     45.27%
 860  OTU-129                        79.70%    failed      0.39%
 861  OTU-130                        79.65%    failed      0.00%
 862  OTU-131                        78.03%    failed      0.00%
 863  OTU-132                        80.53%    failed      0.07%
 864  OTU-133                        74.39%    passed     13.95%
 865  OTU-134                        74.80%    passed      7.27%
 866  OTU-135                        74.60%    passed     13.37%
 867  OTU-136                        76.37%    passed      5.25%
 868  OTU-137                        77.77%    failed      0.00%
 869  OTU-138                        79.70%    failed      0.02%
 870  OTU-139                        74.86%    passed     48.36%
 871  OTU-140                        74.54%    passed      8.63%
 872  OTU-141                        75.17%    passed     46.31%
 873  OTU-142                        74.75%    failed      2.89%
 874  OTU-143                        79.13%    failed      0.00%
 875  OTU-144                        77.77%    failed      0.20%
 876  OTU-145                        81.88%    failed      0.02%
 877  OTU-146                        78.60%    failed      1.51%
 878  OTU-147                        79.23%    failed      1.60%
 879  OTU-148                        74.80%    passed     20.85%
 880  OTU-149                        74.80%    passed     37.86%
 881  OTU-150                        74.70%    failed      3.08%
 882  OTU-151                        75.79%    passed     10.60%
 883  OTU-152                        74.96%    passed     71.15%
 884  OTU-153                        75.95%    failed      0.03%
 885  OTU-154                        75.64%    failed      0.60%
 886  OTU-155                        77.98%    failed      0.69%
 887  OTU-156                        79.75%    passed      8.26%
 888  OTU-157                        78.08%    failed      4.38%
 889  OTU-158                        74.75%    failed      0.19%
 890  OTU-159                        74.75%    passed      5.94%
 891  OTU-160                        74.91%    passed     49.83%
 892  OTU-161                        78.87%    passed     23.21%
 893  OTU-162                        74.60%    passed     47.94%
 894  OTU-163                        75.07%    passed     57.06%
 895  OTU-164                        75.17%    passed     24.60%
 896  OTU-165                        79.54%    passed     70.99%
 897  OTU-166                        78.60%    failed      0.41%
 898  OTU-167                        78.60%    passed     19.99%
 899  OTU-168                        75.64%    failed      2.60%
 900  OTU-169                        74.86%    passed     10.31%
 901  OTU-170                        74.91%    passed      6.78%
 902  OTU-171                        78.60%    passed      5.47%
 903  OTU-172                        74.65%    failed      0.38%
 904  OTU-173                        78.66%    passed     13.09%
 905  OTU-174                        74.39%    passed     17.84%
 906  OTU-175                        75.95%    failed      0.06%
 907  OTU-176                        74.91%    passed     28.98%
 908  OTU-177                        76.00%    failed      0.71%
 909  OTU-178                        74.86%    passed     38.73%
 910  OTU-179                        74.54%    failed      2.32%
 911  OTU-180                        77.15%    failed      0.30%
 912  OTU-181                        82.72%    failed      0.00%
 913  OTU-182                        80.37%    failed      0.02%
 914  OTU-183                        78.87%    passed     27.11%
 915  OTU-184                        78.24%    failed      1.45%
 916  OTU-185                        77.67%    failed      0.00%
 917  OTU-186                        74.65%    passed     63.08%
 918  OTU-187                        76.11%    failed      0.70%
 919  OTU-188                        75.38%    passed     56.91%
 920  OTU-189                        74.86%    failed      0.33%
 921  OTU-190                        74.49%    passed     31.30%
 922  OTU-191                        74.91%    failed      2.70%
 923  OTU-192                        79.02%    passed     15.55%
 924  OTU-193                        79.28%    passed     42.33%
 925  OTU-194                        80.22%    failed      1.09%
 926  OTU-195                        77.62%    failed      0.27%
 927  OTU-196                        79.70%    failed      0.10%
 928  OTU-197                        79.44%    passed     12.97%
 929  OTU-198                        74.86%    passed     32.75%
 930  OTU-199                        74.91%    passed     20.91%
 931  OTU-200                        75.12%    failed      0.03%
 932  OTU-201                        75.22%    passed     11.61%
 933  OTU-202                        75.85%    passed     31.91%
 934  OTU-203                        74.70%    passed     30.75%
 935  OTU-204                        74.54%    passed     26.61%
 936  OTU-205                        75.48%    failed      4.82%
 937  OTU-206                        75.33%    failed      0.28%
 938  OTU-207                        74.86%    passed      7.55%
 939  OTU-208                        78.71%    failed      0.00%
 940  OTU-209                        74.86%    failed      1.64%
 941  OTU-210                        74.96%    passed     46.06%
 942  OTU-211                        78.81%    failed      0.20%
 943  OTU-212                        78.50%    passed     74.62%
 944  OTU-213                        74.65%    failed      0.82%
 945  OTU-214                        80.64%    failed      3.35%
 946  OTU-215                        74.54%    passed      9.61%
 947  OTU-216                        83.76%    passed     57.95%
 948  OTU-217                        74.91%    passed     22.12%
 949  OTU-218                        74.96%    passed     30.74%
 950  OTU-219                        75.17%    passed     37.42%
 951  OTU-220                        74.54%    passed     15.56%
 952  OTU-221                        74.49%    passed      9.33%
 953  OTU-222                        75.48%    passed     43.75%
 954  OTU-223                        74.80%    passed     31.06%
 955  OTU-224                        74.60%    passed     46.47%
 956  OTU-225                        74.86%    failed      1.07%
 957  OTU-226                        74.86%    passed     40.36%
 958  OTU-227                        79.54%    failed      0.89%
 959  OTU-228                        78.55%    passed     49.58%
 960  OTU-229                        83.55%    passed     11.50%
 961  OTU-230                        74.86%    failed      4.05%
 962  OTU-231                        75.17%    passed      6.42%
 963  OTU-232                        74.65%    passed     60.16%
 964  OTU-233                        74.75%    passed      9.68%
 965  OTU-234                        74.60%    passed     15.72%
 966  OTU-235                        74.65%    passed     40.12%
 967  OTU-236                        75.01%    passed     19.77%
 968  OTU-237                        74.44%    passed     73.01%
 969  OTU-238                        74.60%    passed     63.33%
 970  OTU-239                        75.01%    passed     52.06%
 971  OTU-240                        76.37%    failed      4.21%
 972  OTU-241                        75.64%    passed     40.36%
 973  OTU-242                        74.86%    passed     74.97%
 974  OTU-243                        75.27%    failed      0.10%
 975  OTU-244                        75.22%    passed     19.96%
 976  OTU-245                        74.60%    passed     32.59%
 977  OTU-246                        75.59%    passed     47.69%
 978  OTU-247                        74.75%    passed     50.28%
 979  OTU-248                        74.54%    passed     59.17%
 980  OTU-249                        74.70%    passed     41.47%
 981  OTU-250                        74.39%    passed     49.23%
 982  OTU-251                        74.44%    passed      6.70%
 983  OTU-252                        74.86%    passed     12.78%
 984  OTU-253                        75.33%    failed      0.32%
 985  OTU-254                        74.70%    passed     16.55%
 986  OTU-255                        74.65%    failed      1.86%
 987  OTU-256                        74.54%    failed      0.91%
 988  OTU-257                        76.73%    failed      0.06%
 989  OTU-258                        74.75%    passed      6.91%
 990  OTU-259                        74.54%    passed     59.00%
 991  OTU-260                        74.54%    passed     36.10%
 992  OTU-261                        76.78%    passed     15.07%
 993  OTU-262                        75.95%    failed      0.00%
 994  OTU-263                        74.65%    failed      0.20%
 995  AF419639.1.1469_U              29.05%    failed      0.00%
 996  U40238.33126.31654_U           30.04%    failed      0.00%
 997  DQ085103.1.1402_U              30.04%    failed      0.00%
 998  HM594678.1.1435_U              28.58%    failed      0.00%
 999  AF523942.1.1455_U              29.05%    failed      0.00%
1000  NZ_CP163304.1                  25.40%    failed      0.00%
WARNING: 413 sequences contain more than 50% gaps/ambiguity
****  TOTAL                          39.91%  297 sequences failed composition chi2 test (p-value<5%; df=3)
Reading constraint tree /home/borok_admin/works/volga/18.04.2024/phytree/v1/volga_constrained_unrooted.newick...
ERROR: Constraint tree does not work with -t BIONJ
Ultrafast bootstrap does not work with -n option
